<?xml version="1.0" encoding="UTF-8"?>
<!-- Generated by org.testng.reporters.JUnitXMLReporter -->
<testsuite hostname="LAPTOP-6L1LSAPB" ignored="0" name="Default test" tests="3" failures="0" timestamp="07 Jul 2020 01:53:57 GMT" time="15.134" errors="0">
  <testcase name="verifySignUpLinkTest" time="6.226" classname="com.qa.hubspot.test.LoginPageTest"/>
  <testcase name="verifyLoginPageTitleTest" time="0.011" classname="com.qa.hubspot.test.LoginPageTest"/>
  <testcase name="loginTest" time="0.619" classname="com.qa.hubspot.test.LoginPageTest"/>
</testsuite> <!-- Default test -->
