<?xml version="1.0" encoding="UTF-8"?>
<testng-results skipped="0" failed="0" ignored="0" total="3" passed="3">
  <reporter-output>
  </reporter-output>
  <suite name="Default suite" duration-ms="15134" started-at="2020-07-07T01:53:42Z" finished-at="2020-07-07T01:53:57Z">
    <groups>
    </groups>
    <test name="Default test" duration-ms="15134" started-at="2020-07-07T01:53:42Z" finished-at="2020-07-07T01:53:57Z">
      <class name="com.qa.hubspot.test.LoginPageTest">
        <test-method status="PASS" signature="setUp()[pri:0, instance:com.qa.hubspot.test.LoginPageTest@3884b2]" name="setUp" is-config="true" duration-ms="7474" started-at="2020-07-07T01:53:42Z" finished-at="2020-07-07T01:53:49Z">
          <reporter-output>
          </reporter-output>
        </test-method> <!-- setUp -->
        <test-method status="PASS" signature="verifySignUpLinkTest()[pri:1, instance:com.qa.hubspot.test.LoginPageTest@3884b2]" name="verifySignUpLinkTest" duration-ms="6226" started-at="2020-07-07T01:53:49Z" finished-at="2020-07-07T01:53:55Z">
          <reporter-output>
          </reporter-output>
        </test-method> <!-- verifySignUpLinkTest -->
        <test-method status="PASS" signature="verifyLoginPageTitleTest()[pri:2, instance:com.qa.hubspot.test.LoginPageTest@3884b2]" name="verifyLoginPageTitleTest" duration-ms="11" started-at="2020-07-07T01:53:55Z" finished-at="2020-07-07T01:53:55Z">
          <reporter-output>
          </reporter-output>
        </test-method> <!-- verifyLoginPageTitleTest -->
        <test-method status="PASS" signature="loginTest()[pri:3, instance:com.qa.hubspot.test.LoginPageTest@3884b2]" name="loginTest" duration-ms="619" started-at="2020-07-07T01:53:55Z" finished-at="2020-07-07T01:53:56Z">
          <reporter-output>
          </reporter-output>
        </test-method> <!-- loginTest -->
        <test-method status="PASS" signature="tearDown()[pri:0, instance:com.qa.hubspot.test.LoginPageTest@3884b2]" name="tearDown" is-config="true" duration-ms="766" started-at="2020-07-07T01:53:56Z" finished-at="2020-07-07T01:53:57Z">
          <reporter-output>
          </reporter-output>
        </test-method> <!-- tearDown -->
      </class> <!-- com.qa.hubspot.test.LoginPageTest -->
    </test> <!-- Default test -->
  </suite> <!-- Default suite -->
</testng-results>
